<?xml version="1.0" encoding="UTF-8"?>
<testng-results ignored="0" total="1" passed="1" failed="0" skipped="0">
  <reporter-output>
  </reporter-output>
  <suite started-at="2023-01-10T12:24:31 IST" name="Suite" finished-at="2023-01-10T12:24:47 IST" duration-ms="16016">
    <groups>
    </groups>
    <test started-at="2023-01-10T12:24:31 IST" name="TestPageFactory" finished-at="2023-01-10T12:24:47 IST" duration-ms="16016">
      <class name="com.rb.fb.PageFactoryTest">
        <test-method is-config="true" signature="beforeTest()[pri:0, instance:com.rb.fb.PageFactoryTest@28261e8e]" started-at="2023-01-10T12:24:31 IST" name="beforeTest" finished-at="2023-01-10T12:24:40 IST" duration-ms="9117" status="PASS">
          <reporter-output>
          </reporter-output>
        </test-method> <!-- beforeTest -->
        <test-method signature="SearchSelenium(java.lang.String)[pri:0, instance:com.rb.fb.PageFactoryTest@28261e8e]" started-at="2023-01-10T12:24:40 IST" name="SearchSelenium" finished-at="2023-01-10T12:24:41 IST" duration-ms="835" status="PASS">
          <params>
            <param index="0">
              <value>
                <![CDATA[buddeeswar]]>
              </value>
            </param>
          </params>
          <reporter-output>
          </reporter-output>
        </test-method> <!-- SearchSelenium -->
        <test-method is-config="true" signature="afterTest()[pri:0, instance:com.rb.fb.PageFactoryTest@28261e8e]" started-at="2023-01-10T12:24:41 IST" name="afterTest" finished-at="2023-01-10T12:24:47 IST" duration-ms="5955" status="PASS">
          <reporter-output>
          </reporter-output>
        </test-method> <!-- afterTest -->
      </class> <!-- com.rb.fb.PageFactoryTest -->
    </test> <!-- TestPageFactory -->
  </suite> <!-- Suite -->
</testng-results>
