<?xml version="1.0" encoding="UTF-8"?>
<testng-results ignored="0" total="2" passed="2" failed="0" skipped="0">
  <reporter-output>
  </reporter-output>
  <suite started-at="2022-12-06T11:27:30 IST" name="Default suite" finished-at="2022-12-06T11:27:53 IST" duration-ms="23204">
    <groups>
    </groups>
    <test started-at="2022-12-06T11:27:30 IST" name="Default test" finished-at="2022-12-06T11:27:53 IST" duration-ms="23204">
      <class name="com.rb.fb.FacebookTest">
        <test-method is-config="true" signature="beforeTest()[pri:0, instance:com.rb.fb.FacebookTest@742ff096]" started-at="2022-12-06T11:27:30 IST" name="beforeTest" finished-at="2022-12-06T11:27:42 IST" duration-ms="11440" status="PASS">
          <reporter-output>
          </reporter-output>
        </test-method> <!-- beforeTest -->
        <test-method signature="fbLoginMethod()[pri:0, instance:com.rb.fb.FacebookTest@742ff096]" started-at="2022-12-06T11:27:42 IST" name="fbLoginMethod" finished-at="2022-12-06T11:27:42 IST" duration-ms="456" status="PASS">
          <reporter-output>
          </reporter-output>
        </test-method> <!-- fbLoginMethod -->
        <test-method signature="fbHomeMethod()[pri:1, instance:com.rb.fb.FacebookTest@742ff096]" started-at="2022-12-06T11:27:42 IST" name="fbHomeMethod" finished-at="2022-12-06T11:27:52 IST" duration-ms="10153" status="PASS">
          <reporter-output>
          </reporter-output>
        </test-method> <!-- fbHomeMethod -->
        <test-method is-config="true" signature="afterTest()[pri:0, instance:com.rb.fb.FacebookTest@742ff096]" started-at="2022-12-06T11:27:52 IST" name="afterTest" finished-at="2022-12-06T11:27:53 IST" duration-ms="1070" status="PASS">
          <reporter-output>
          </reporter-output>
        </test-method> <!-- afterTest -->
      </class> <!-- com.rb.fb.FacebookTest -->
    </test> <!-- Default test -->
  </suite> <!-- Default suite -->
</testng-results>
